<?xml version="1.0" encoding="UTF-8"?>
<testng-results skipped="0" failed="0" ignored="0" total="6" passed="6">
  <reporter-output>
  </reporter-output>
  <suite name="Default suite" duration-ms="193162" started-at="2019-02-27T16:46:43Z" finished-at="2019-02-27T16:49:56Z">
    <groups>
    </groups>
    <test name="Default test" duration-ms="193162" started-at="2019-02-27T16:46:43Z" finished-at="2019-02-27T16:49:56Z">
      <class name="testcases.EBayTestSuits">
        <test-method status="PASS" signature="setUp()[pri:0, instance:testcases.EBayTestSuits@59ec2012]" name="setUp" is-config="true" duration-ms="247" started-at="2019-02-27T16:46:35Z" finished-at="2019-02-27T16:46:35Z">
          <reporter-output>
          </reporter-output>
        </test-method> <!-- setUp -->
        <test-method status="PASS" signature="setup()[pri:0, instance:testcases.EBayTestSuits@59ec2012]" name="setup" is-config="true" duration-ms="7880" started-at="2019-02-27T16:46:35Z" depends-on-methods="Component.TestReports.setUp" finished-at="2019-02-27T16:46:43Z">
          <reporter-output>
          </reporter-output>
        </test-method> <!-- setup -->
        <test-method status="PASS" signature="init()[pri:0, instance:testcases.EBayTestSuits@59ec2012]" name="init" is-config="true" duration-ms="12875" started-at="2019-02-27T16:46:43Z" finished-at="2019-02-27T16:46:56Z">
          <reporter-output>
          </reporter-output>
        </test-method> <!-- init -->
        <test-method status="PASS" signature="test001OverviewScreenUIVerification()[pri:0, instance:testcases.EBayTestSuits@59ec2012]" name="test001OverviewScreenUIVerification" duration-ms="20584" started-at="2019-02-27T16:46:56Z" finished-at="2019-02-27T16:47:17Z">
          <reporter-output>
          </reporter-output>
        </test-method> <!-- test001OverviewScreenUIVerification -->
        <test-method status="PASS" signature="getResult(org.testng.ITestResult)[pri:0, instance:testcases.EBayTestSuits@59ec2012]" name="getResult" is-config="true" duration-ms="11" started-at="2019-02-27T16:47:17Z" finished-at="2019-02-27T16:47:17Z">
          <params>
            <param index="0">
              <value>
                <![CDATA[[TestResult name=test001OverviewScreenUIVerification status=SUCCESS method=EBayTestSuits.test001OverviewScreenUIVerification()[pri:0, instance:testcases.EBayTestSuits@59ec2012] output={null}]]]>
              </value>
            </param>
          </params>
          <reporter-output>
          </reporter-output>
        </test-method> <!-- getResult -->
        <test-method status="PASS" signature="test002SignIn()[pri:0, instance:testcases.EBayTestSuits@59ec2012]" name="test002SignIn" duration-ms="44071" started-at="2019-02-27T16:47:17Z" finished-at="2019-02-27T16:48:01Z">
          <reporter-output>
          </reporter-output>
        </test-method> <!-- test002SignIn -->
        <test-method status="PASS" signature="getResult(org.testng.ITestResult)[pri:0, instance:testcases.EBayTestSuits@59ec2012]" name="getResult" is-config="true" duration-ms="1" started-at="2019-02-27T16:48:01Z" finished-at="2019-02-27T16:48:01Z">
          <params>
            <param index="0">
              <value>
                <![CDATA[[TestResult name=test002SignIn status=SUCCESS method=EBayTestSuits.test002SignIn()[pri:0, instance:testcases.EBayTestSuits@59ec2012] output={null}]]]>
              </value>
            </param>
          </params>
          <reporter-output>
          </reporter-output>
        </test-method> <!-- getResult -->
        <test-method status="PASS" signature="test003searchproduct()[pri:0, instance:testcases.EBayTestSuits@59ec2012]" name="test003searchproduct" duration-ms="23320" started-at="2019-02-27T16:48:01Z" finished-at="2019-02-27T16:48:24Z">
          <reporter-output>
          </reporter-output>
        </test-method> <!-- test003searchproduct -->
        <test-method status="PASS" signature="getResult(org.testng.ITestResult)[pri:0, instance:testcases.EBayTestSuits@59ec2012]" name="getResult" is-config="true" duration-ms="0" started-at="2019-02-27T16:48:24Z" finished-at="2019-02-27T16:48:24Z">
          <params>
            <param index="0">
              <value>
                <![CDATA[[TestResult name=test003searchproduct status=SUCCESS method=EBayTestSuits.test003searchproduct()[pri:0, instance:testcases.EBayTestSuits@59ec2012] output={null}]]]>
              </value>
            </param>
          </params>
          <reporter-output>
          </reporter-output>
        </test-method> <!-- getResult -->
        <test-method status="PASS" signature="test004productDetails()[pri:0, instance:testcases.EBayTestSuits@59ec2012]" name="test004productDetails" duration-ms="16974" started-at="2019-02-27T16:48:24Z" finished-at="2019-02-27T16:48:41Z">
          <reporter-output>
          </reporter-output>
        </test-method> <!-- test004productDetails -->
        <test-method status="PASS" signature="getResult(org.testng.ITestResult)[pri:0, instance:testcases.EBayTestSuits@59ec2012]" name="getResult" is-config="true" duration-ms="0" started-at="2019-02-27T16:48:41Z" finished-at="2019-02-27T16:48:41Z">
          <params>
            <param index="0">
              <value>
                <![CDATA[[TestResult name=test004productDetails status=SUCCESS method=EBayTestSuits.test004productDetails()[pri:0, instance:testcases.EBayTestSuits@59ec2012] output={null}]]]>
              </value>
            </param>
          </params>
          <reporter-output>
          </reporter-output>
        </test-method> <!-- getResult -->
        <test-method status="PASS" signature="test005purchaseflow()[pri:0, instance:testcases.EBayTestSuits@59ec2012]" name="test005purchaseflow" duration-ms="14436" started-at="2019-02-27T16:48:41Z" finished-at="2019-02-27T16:48:56Z">
          <reporter-output>
          </reporter-output>
        </test-method> <!-- test005purchaseflow -->
        <test-method status="PASS" signature="getResult(org.testng.ITestResult)[pri:0, instance:testcases.EBayTestSuits@59ec2012]" name="getResult" is-config="true" duration-ms="0" started-at="2019-02-27T16:48:56Z" finished-at="2019-02-27T16:48:56Z">
          <params>
            <param index="0">
              <value>
                <![CDATA[[TestResult name=test005purchaseflow status=SUCCESS method=EBayTestSuits.test005purchaseflow()[pri:0, instance:testcases.EBayTestSuits@59ec2012] output={null}]]]>
              </value>
            </param>
          </params>
          <reporter-output>
          </reporter-output>
        </test-method> <!-- getResult -->
        <test-method status="PASS" signature="test006enteringpaymentdetails()[pri:0, instance:testcases.EBayTestSuits@59ec2012]" name="test006enteringpaymentdetails" duration-ms="60858" started-at="2019-02-27T16:48:56Z" finished-at="2019-02-27T16:49:56Z">
          <reporter-output>
          </reporter-output>
        </test-method> <!-- test006enteringpaymentdetails -->
        <test-method status="PASS" signature="getResult(org.testng.ITestResult)[pri:0, instance:testcases.EBayTestSuits@59ec2012]" name="getResult" is-config="true" duration-ms="1" started-at="2019-02-27T16:49:56Z" finished-at="2019-02-27T16:49:56Z">
          <params>
            <param index="0">
              <value>
                <![CDATA[[TestResult name=test006enteringpaymentdetails status=SUCCESS method=EBayTestSuits.test006enteringpaymentdetails()[pri:0, instance:testcases.EBayTestSuits@59ec2012] output={null}]]]>
              </value>
            </param>
          </params>
          <reporter-output>
          </reporter-output>
        </test-method> <!-- getResult -->
        <test-method status="FAIL" signature="teardown()[pri:0, instance:testcases.EBayTestSuits@59ec2012]" name="teardown" is-config="true" duration-ms="50" started-at="2019-02-27T16:49:56Z" finished-at="2019-02-27T16:49:56Z">
          <exception class="org.openqa.selenium.UnsupportedCommandException">
            <message>
              <![CDATA[Method has not yet been implemented
Build info: version: '3.12.0', revision: '7c6e0b3', time: '2018-05-08T14:04:26.12Z'
System info: host: 'mac-kdas.local', ip: 'fe80:0:0:0:1030:7314:f0c4:4392%en0', os.name: 'Mac OS X', os.arch: 'x86_64', os.version: '10.13.6', java.version: '1.8.0_121'
Driver info: io.appium.java_client.AppiumDriver
Capabilities {NewCommandTimeOut: 60, app: Users/kdas/Documents/worksp..., appActivity: com.ebay.mobile.activities...., appPackage: com.ebay.mobile, appWaitActivity: com.ebay.mobile.activities...., appWaitPackage: com.ebay.mobile, databaseEnabled: false, desired: {NewCommandTimeOut: 60, app: Users/kdas/Documents/worksp..., deviceName: emulator-5554, deviceOrientation: portrait, fullreset: false, noReset: true, platformName: android, platormVersion: 9}, deviceManufacturer: Google, deviceModel: Android SDK built for x86, deviceName: emulator-5554, deviceOrientation: portrait, deviceScreenSize: 1440x2560, deviceUDID: emulator-5554, fullreset: false, javascriptEnabled: true, locationContextEnabled: false, networkConnectionEnabled: true, noReset: true, platform: LINUX, platformName: LINUX, platformVersion: 9, platormVersion: 9, takesScreenshot: true, warnings: {}, webStorageEnabled: false}
Session ID: 294b2ae0-2b4d-437e-baf2-b3f8bc793df8]]>
            </message>
            <full-stacktrace>
              <![CDATA[org.openqa.selenium.UnsupportedCommandException: Method has not yet been implemented
Build info: version: '3.12.0', revision: '7c6e0b3', time: '2018-05-08T14:04:26.12Z'
System info: host: 'mac-kdas.local', ip: 'fe80:0:0:0:1030:7314:f0c4:4392%en0', os.name: 'Mac OS X', os.arch: 'x86_64', os.version: '10.13.6', java.version: '1.8.0_121'
Driver info: io.appium.java_client.AppiumDriver
Capabilities {NewCommandTimeOut: 60, app: Users/kdas/Documents/worksp..., appActivity: com.ebay.mobile.activities...., appPackage: com.ebay.mobile, appWaitActivity: com.ebay.mobile.activities...., appWaitPackage: com.ebay.mobile, databaseEnabled: false, desired: {NewCommandTimeOut: 60, app: Users/kdas/Documents/worksp..., deviceName: emulator-5554, deviceOrientation: portrait, fullreset: false, noReset: true, platformName: android, platormVersion: 9}, deviceManufacturer: Google, deviceModel: Android SDK built for x86, deviceName: emulator-5554, deviceOrientation: portrait, deviceScreenSize: 1440x2560, deviceUDID: emulator-5554, fullreset: false, javascriptEnabled: true, locationContextEnabled: false, networkConnectionEnabled: true, noReset: true, platform: LINUX, platformName: LINUX, platformVersion: 9, platormVersion: 9, takesScreenshot: true, warnings: {}, webStorageEnabled: false}
Session ID: 294b2ae0-2b4d-437e-baf2-b3f8bc793df8
at sun.reflect.NativeConstructorAccessorImpl.newInstance0(Native Method)
at sun.reflect.NativeConstructorAccessorImpl.newInstance(NativeConstructorAccessorImpl.java:62)
at sun.reflect.DelegatingConstructorAccessorImpl.newInstance(DelegatingConstructorAccessorImpl.java:45)
at java.lang.reflect.Constructor.newInstance(Constructor.java:423)
at org.openqa.selenium.remote.http.W3CHttpResponseCodec.createException(W3CHttpResponseCodec.java:187)
at org.openqa.selenium.remote.http.W3CHttpResponseCodec.decode(W3CHttpResponseCodec.java:122)
at org.openqa.selenium.remote.http.W3CHttpResponseCodec.decode(W3CHttpResponseCodec.java:49)
at org.openqa.selenium.remote.HttpCommandExecutor.execute(HttpCommandExecutor.java:158)
at io.appium.java_client.remote.AppiumCommandExecutor.execute(AppiumCommandExecutor.java:231)
at org.openqa.selenium.remote.RemoteWebDriver.execute(RemoteWebDriver.java:543)
at io.appium.java_client.DefaultGenericMobileDriver.execute(DefaultGenericMobileDriver.java:46)
at io.appium.java_client.AppiumDriver.execute(AppiumDriver.java:1)
at org.openqa.selenium.remote.RemoteWebDriver.close(RemoteWebDriver.java:433)
at base.TestBase.teardown(TestBase.java:74)
at sun.reflect.NativeMethodAccessorImpl.invoke0(Native Method)
at sun.reflect.NativeMethodAccessorImpl.invoke(NativeMethodAccessorImpl.java:62)
at sun.reflect.DelegatingMethodAccessorImpl.invoke(DelegatingMethodAccessorImpl.java:43)
at java.lang.reflect.Method.invoke(Method.java:498)
at org.testng.internal.MethodInvocationHelper.invokeMethod(MethodInvocationHelper.java:124)
at org.testng.internal.MethodInvocationHelper.invokeMethodConsideringTimeout(MethodInvocationHelper.java:59)
at org.testng.internal.Invoker.invokeConfigurationMethod(Invoker.java:458)
at org.testng.internal.Invoker.invokeConfigurations(Invoker.java:222)
at org.testng.internal.Invoker.invokeConfigurations(Invoker.java:142)
at org.testng.SuiteRunner.privateRun(SuiteRunner.java:425)
at org.testng.SuiteRunner.run(SuiteRunner.java:364)
at org.testng.SuiteRunnerWorker.runSuite(SuiteRunnerWorker.java:52)
at org.testng.SuiteRunnerWorker.run(SuiteRunnerWorker.java:84)
at org.testng.TestNG.runSuitesSequentially(TestNG.java:1208)
at org.testng.TestNG.runSuitesLocally(TestNG.java:1137)
at org.testng.TestNG.runSuites(TestNG.java:1049)
at org.testng.TestNG.run(TestNG.java:1017)
at org.testng.remote.AbstractRemoteTestNG.run(AbstractRemoteTestNG.java:132)
at org.testng.remote.RemoteTestNG.initAndRun(RemoteTestNG.java:230)
at org.testng.remote.RemoteTestNG.main(RemoteTestNG.java:76)
]]>
            </full-stacktrace>
          </exception> <!-- org.openqa.selenium.UnsupportedCommandException -->
          <reporter-output>
          </reporter-output>
        </test-method> <!-- teardown -->
        <test-method status="SKIP" signature="tearDown()[pri:0, instance:testcases.EBayTestSuits@59ec2012]" name="tearDown" is-config="true" duration-ms="0" started-at="2019-02-27T16:49:56Z" depends-on-methods="base.TestBase.teardown" finished-at="2019-02-27T16:49:56Z">
          <reporter-output>
          </reporter-output>
        </test-method> <!-- tearDown -->
      </class> <!-- testcases.EBayTestSuits -->
    </test> <!-- Default test -->
  </suite> <!-- Default suite -->
</testng-results>
