<?xml version="1.0" encoding="UTF-8"?>
<!-- Generated by org.testng.reporters.JUnitXMLReporter -->
<testsuite hostname="mac-kdas.local" ignored="0" name="Default test" tests="6" failures="0" timestamp="27 Feb 2019 16:49:56 GMT" time="193.162" errors="0">
  <testcase name="test001OverviewScreenUIVerification" time="20.584" classname="testcases.EBayTestSuits"/>
  <testcase name="test002SignIn" time="44.071" classname="testcases.EBayTestSuits"/>
  <testcase name="test003searchproduct" time="23.32" classname="testcases.EBayTestSuits"/>
  <testcase name="test004productDetails" time="16.974" classname="testcases.EBayTestSuits"/>
  <testcase name="test005purchaseflow" time="14.436" classname="testcases.EBayTestSuits"/>
  <testcase name="test006enteringpaymentdetails" time="60.858" classname="testcases.EBayTestSuits"/>
</testsuite> <!-- Default test -->
